c:\users\halbo\source\repos\module3\module3\debug\vc142.pdb
c:\users\halbo\source\repos\module3\module3\debug\variable.obj
c:\users\halbo\source\repos\module3\module3\debug\symboltable.obj
c:\users\halbo\source\repos\module3\module3\debug\subexpression.obj
c:\users\halbo\source\repos\module3\module3\debug\parse.obj
c:\users\halbo\source\repos\module3\module3\debug\operand.obj
c:\users\halbo\source\repos\module3\module3\debug\module3.obj
c:\users\halbo\source\repos\module3\module3\debug\.netframework,version=v4.7.2.assemblyattributes.obj
c:\users\halbo\source\repos\module3\module3\debug\.netframework,version=v4.7.2.assemblyattributes.asm
c:\users\halbo\source\repos\module3\module3\debug\module3.res
c:\users\halbo\source\repos\module3\module3\debug\module3.vcxprojassemblyreference.cache
c:\users\halbo\source\repos\module3\debug\module3.pdb
c:\users\halbo\source\repos\module3\module3\debug\module3.tlog\cl.command.1.tlog
c:\users\halbo\source\repos\module3\module3\debug\module3.tlog\cl.read.1.tlog
c:\users\halbo\source\repos\module3\module3\debug\module3.tlog\cl.write.1.tlog
c:\users\halbo\source\repos\module3\module3\debug\module3.tlog\link.13384-cvtres.read.1.tlog
c:\users\halbo\source\repos\module3\module3\debug\module3.tlog\link.13384-cvtres.write.1.tlog
c:\users\halbo\source\repos\module3\module3\debug\module3.tlog\link.13384-rc.read.1.tlog
c:\users\halbo\source\repos\module3\module3\debug\module3.tlog\link.13384-rc.write.1.tlog
c:\users\halbo\source\repos\module3\module3\debug\module3.tlog\link.13384.read.1.tlog
c:\users\halbo\source\repos\module3\module3\debug\module3.tlog\link.13384.write.1.tlog
c:\users\halbo\source\repos\module3\module3\debug\module3.tlog\link.4828-cvtres.read.1.tlog
c:\users\halbo\source\repos\module3\module3\debug\module3.tlog\link.4828-cvtres.write.1.tlog
c:\users\halbo\source\repos\module3\module3\debug\module3.tlog\link.4828-rc.read.1.tlog
c:\users\halbo\source\repos\module3\module3\debug\module3.tlog\link.4828-rc.write.1.tlog
c:\users\halbo\source\repos\module3\module3\debug\module3.tlog\link.4828.read.1.tlog
c:\users\halbo\source\repos\module3\module3\debug\module3.tlog\link.4828.write.1.tlog
c:\users\halbo\source\repos\module3\module3\debug\module3.tlog\link.command.1.tlog
c:\users\halbo\source\repos\module3\module3\debug\module3.tlog\link.read.1.tlog
c:\users\halbo\source\repos\module3\module3\debug\module3.tlog\link.write.1.tlog
c:\users\halbo\source\repos\module3\module3\debug\module3.tlog\metagen.read.1.tlog
c:\users\halbo\source\repos\module3\module3\debug\module3.tlog\metagen.write.1.tlog
c:\users\halbo\source\repos\module3\module3\debug\module3.tlog\rc.command.1.tlog
c:\users\halbo\source\repos\module3\module3\debug\module3.tlog\rc.read.1.tlog
c:\users\halbo\source\repos\module3\module3\debug\module3.tlog\rc.write.1.tlog
